
Solving Air Cargo Problem 1 using astar_search with h_1...

Expansions   Goal Tests   New Nodes
    55          57         224    

Plan length: 6  Time elapsed in seconds: 0.6117143679999799
Load(C1, P1, SFO)
Load(C2, P2, JFK)
Fly(P1, SFO, JFK)
Fly(P2, JFK, SFO)
Unload(C1, P1, JFK)
Unload(C2, P2, SFO)


Solving Air Cargo Problem 1 using astar_search with h_ignore_preconditions...

Expansions   Goal Tests   New Nodes
    41          43         170    

Plan length: 6  Time elapsed in seconds: 0.6436616400000048
Load(C1, P1, SFO)
Fly(P1, SFO, JFK)
Unload(C1, P1, JFK)
Load(C2, P2, JFK)
Fly(P2, JFK, SFO)
Unload(C2, P2, SFO)


Solving Air Cargo Problem 1 using astar_search with h_pg_levelsum...

Expansions   Goal Tests   New Nodes
    11          13          50    

Plan length: 6  Time elapsed in seconds: 0.5926962120000212
Load(C1, P1, SFO)
Fly(P1, SFO, JFK)
Load(C2, P2, JFK)
Fly(P2, JFK, SFO)
Unload(C1, P1, JFK)
Unload(C2, P2, SFO)


Solving Air Cargo Problem 2 using astar_search with h_1...

Expansions   Goal Tests   New Nodes
   4853        4855       44041   

Plan length: 9  Time elapsed in seconds: 435.43682784000003
Load(C1, P1, SFO)
Load(C2, P2, JFK)
Fly(P1, SFO, JFK)
Load(C3, P3, ATL)
Fly(P2, JFK, SFO)
Fly(P3, ATL, SFO)
Unload(C3, P3, SFO)
Unload(C1, P1, JFK)
Unload(C2, P2, SFO)


Solving Air Cargo Problem 2 using astar_search with h_ignore_preconditions...

Expansions   Goal Tests   New Nodes
   1450        1452       13303   

Plan length: 9  Time elapsed in seconds: 163.85030681199999
Load(C3, P3, ATL)
Fly(P3, ATL, SFO)
Unload(C3, P3, SFO)
Load(C1, P1, SFO)
Fly(P1, SFO, JFK)
Unload(C1, P1, JFK)
Load(C2, P2, JFK)
Fly(P2, JFK, SFO)
Unload(C2, P2, SFO)


Solving Air Cargo Problem 2 using astar_search with h_pg_levelsum...

Expansions   Goal Tests   New Nodes
    86          88         841    

Plan length: 9  Time elapsed in seconds: 14.702974196000014
Load(C1, P1, SFO)
Fly(P1, SFO, JFK)
Load(C2, P2, JFK)
Fly(P2, JFK, SFO)
Load(C3, P3, ATL)
Fly(P3, ATL, SFO)
Unload(C3, P3, SFO)
Unload(C1, P1, JFK)
Unload(C2, P2, SFO)


Solving Air Cargo Problem 3 using astar_search with h_1...

Expansions   Goal Tests   New Nodes
  18223       18225       159618  

Plan length: 12  Time elapsed in seconds: 1902.7028199289998
Load(C1, P1, SFO)
Load(C2, P2, JFK)
Fly(P1, SFO, ATL)
Load(C3, P1, ATL)
Fly(P2, JFK, ORD)
Load(C4, P2, ORD)
Fly(P2, ORD, SFO)
Fly(P1, ATL, JFK)
Unload(C4, P2, SFO)
Unload(C3, P1, JFK)
Unload(C1, P1, JFK)
Unload(C2, P2, SFO)


Solving Air Cargo Problem 3 using astar_search with h_ignore_preconditions...

Expansions   Goal Tests   New Nodes
   5040        5042       44944   

Plan length: 12  Time elapsed in seconds: 640.7229612010001
Load(C2, P2, JFK)
Fly(P2, JFK, ORD)
Load(C4, P2, ORD)
Fly(P2, ORD, SFO)
Unload(C4, P2, SFO)
Load(C1, P1, SFO)
Fly(P1, SFO, ATL)
Load(C3, P1, ATL)
Fly(P1, ATL, JFK)
Unload(C3, P1, JFK)
Unload(C1, P1, JFK)
Unload(C2, P2, SFO)


Solving Air Cargo Problem 3 using astar_search with h_pg_levelsum...

Expansions   Goal Tests   New Nodes
   318         320         2934   

Plan length: 12  Time elapsed in seconds: 67.02900566700009
Load(C2, P2, JFK)
Fly(P2, JFK, ORD)
Load(C4, P2, ORD)
Fly(P2, ORD, SFO)
Load(C1, P1, SFO)
Fly(P1, SFO, ATL)
Load(C3, P1, ATL)
Fly(P1, ATL, JFK)
Unload(C4, P2, SFO)
Unload(C3, P1, JFK)
Unload(C1, P1, JFK)
Unload(C2, P2, SFO)

